[     122ms] [LOG] [Fast Refresh] rebuilding @ http://localhost:3000/_next/static/chunks/node_modules_next_dist_115brz8._.js:2431
[     531ms] [LOG] [Fast Refresh] done in 518ms @ http://localhost:3000/_next/static/chunks/node_modules_next_dist_115brz8._.js:2431
[     644ms] [INFO] %cDownload the React DevTools for a better development experience: https://react.dev/link/react-devtools font-weight:bold @ http://localhost:3000/_next/static/chunks/node_modules_next_dist_115brz8._.js:2431
[     701ms] [LOG] [HMR] connected @ http://localhost:3000/_next/static/chunks/node_modules_next_dist_115brz8._.js:2431
[  104989ms] [LOG] [Fast Refresh] rebuilding @ http://localhost:3000/_next/static/chunks/node_modules_next_dist_115brz8._.js:2431
[  105007ms] [LOG] [Fast Refresh] done in 121ms @ http://localhost:3000/_next/static/chunks/node_modules_next_dist_115brz8._.js:2431
[  113720ms] [LOG] [Fast Refresh] rebuilding @ http://localhost:3000/_next/static/chunks/node_modules_next_dist_115brz8._.js:2431
[  115069ms] [ERROR] ./src/components/charts/SafeEChart.tsx:5:1
Module not found: Can't resolve 'echarts'
  3 | import type { CSSProperties, ReactNode } from "react";
  4 | import { Component, useEffect, useRef } from "react";
> 5 | import * as echarts from "echarts";
    | ^^^^^^^^^^^^^^^^^^^^^^^^^^^^^^^^^^^
  6 |
  7 | type ChartErrorBoundaryProps = {
  8 |   children: ReactNode;

Import traces:
  Client Component Browser:
    ./src/components/charts/SafeEChart.tsx [Client Component Browser]
    ./src/app/analysis/page.tsx [Client Component Browser]
    ./src/app/analysis/page.tsx [Server Component]

  Client Component SSR:
    ./src/components/charts/SafeEChart.tsx [Client Component SSR]
    ./src/app/analysis/page.tsx [Client Component SSR]
    ./src/app/analysis/page.tsx [Server Component]

https://nextjs.org/docs/messages/module-not-found @ http://localhost:3000/_next/static/chunks/node_modules_next_dist_115brz8._.js:3272
[  115214ms] [LOG] [Fast Refresh] rebuilding @ http://localhost:3000/_next/static/chunks/node_modules_next_dist_115brz8._.js:2431
[  115263ms] [ERROR] Failed to load resource: the server responded with a status of 500 (Internal Server Error) @ http://localhost:3000/dashboard?_rsc=hhgnj:0
[  115266ms] [ERROR] ./src/components/charts/SafeEChart.tsx:5:1
Module not found: Can't resolve 'echarts'
  3 | import type { CSSProperties, ReactNode } from "react";
  4 | import { Component, useEffect, useRef } from "react";
> 5 | import * as echarts from "echarts";
    | ^^^^^^^^^^^^^^^^^^^^^^^^^^^^^^^^^^^
  6 |
  7 | type ChartErrorBoundaryProps = {
  8 |   children: ReactNode;

Import traces:
  Client Component Browser:
    ./src/components/charts/SafeEChart.tsx [Client Component Browser]
    ./src/app/analysis/page.tsx [Client Component Browser]
    ./src/app/analysis/page.tsx [Server Component]

  Client Component SSR:
    ./src/components/charts/SafeEChart.tsx [Client Component SSR]
    ./src/app/analysis/page.tsx [Client Component SSR]
    ./src/app/analysis/page.tsx [Server Component]

https://nextjs.org/docs/messages/module-not-found @ http://localhost:3000/_next/static/chunks/node_modules_next_dist_115brz8._.js:3272
[  115369ms] [LOG] [Fast Refresh] rebuilding @ http://localhost:3000/_next/static/chunks/node_modules_next_dist_115brz8._.js:2431
[  117256ms] [INFO] %cDownload the React DevTools for a better development experience: https://react.dev/link/react-devtools font-weight:bold @ http://localhost:3000/_next/static/chunks/node_modules_next_dist_115brz8._.js:2431
[  117282ms] [LOG] [HMR] connected @ http://localhost:3000/_next/static/chunks/node_modules_next_dist_115brz8._.js:2431
[  136324ms] [LOG] [Fast Refresh] rebuilding @ http://localhost:3000/_next/static/chunks/node_modules_next_dist_115brz8._.js:2431
[  136575ms] [LOG] [Fast Refresh] done in 352ms @ http://localhost:3000/_next/static/chunks/node_modules_next_dist_115brz8._.js:2431
[  140650ms] [LOG] [Fast Refresh] rebuilding @ http://localhost:3000/_next/static/chunks/node_modules_next_dist_115brz8._.js:2431
[  140668ms] [LOG] [Fast Refresh] done in 122ms @ http://localhost:3000/_next/static/chunks/node_modules_next_dist_115brz8._.js:2431
